<?xml version="1.0" encoding="UTF-8"?>
<testsuite xmlns:xsi="http://www.w3.org/2001/XMLSchema-instance" xsi:noNamespaceSchemaLocation="https://maven.apache.org/surefire/maven-surefire-plugin/xsd/surefire-test-report-3.0.xsd" version="3.0" name="org.acme.ReactiveGreetingResourceTest" time="19.8" tests="1" errors="0" skipped="0" failures="0">
  <properties>
    <property name="sun.desktop" value="windows"/>
    <property name="awt.toolkit" value="sun.awt.windows.WToolkit"/>
    <property name="java.specification.version" value="11"/>
    <property name="sun.cpu.isalist" value="amd64"/>
    <property name="test.url" value="http://localhost:8081"/>
    <property name="sun.jnu.encoding" value="MS949"/>
    <property name="java.class.path" value="C:\Users\kbeey\Documents\workspace-git\quarkus-learning\producer\target\test-classes;C:\Users\kbeey\Documents\workspace-git\quarkus-learning\producer\target\classes;C:\Users\kbeey\.m2\repository\io\quarkus\quarkus-resteasy-reactive-jackson\2.2.3.Final\quarkus-resteasy-reactive-jackson-2.2.3.Final.jar;C:\Users\kbeey\.m2\repository\io\quarkus\quarkus-resteasy-reactive-jackson-common\2.2.3.Final\quarkus-resteasy-reactive-jackson-common-2.2.3.Final.jar;C:\Users\kbeey\.m2\repository\io\quarkus\quarkus-smallrye-reactive-messaging-kafka\2.2.3.Final\quarkus-smallrye-reactive-messaging-kafka-2.2.3.Final.jar;C:\Users\kbeey\.m2\repository\io\quarkus\quarkus-kafka-client\2.2.3.Final\quarkus-kafka-client-2.2.3.Final.jar;C:\Users\kbeey\.m2\repository\io\quarkus\quarkus-caffeine\2.2.3.Final\quarkus-caffeine-2.2.3.Final.jar;C:\Users\kbeey\.m2\repository\com\github\ben-manes\caffeine\caffeine\2.9.2\caffeine-2.9.2.jar;C:\Users\kbeey\.m2\repository\com\google\errorprone\error_prone_annotations\2.2.0\error_prone_annotations-2.2.0.jar;C:\Users\kbeey\.m2\repository\io\smallrye\reactive\smallrye-reactive-messaging-kafka\3.9.1\smallrye-reactive-messaging-kafka-3.9.1.jar;C:\Users\kbeey\.m2\repository\io\smallrye\reactive\smallrye-reactive-messaging-kafka-api\3.9.1\smallrye-reactive-messaging-kafka-api-3.9.1.jar;C:\Users\kbeey\.m2\repository\io\opentelemetry\opentelemetry-api\1.5.0\opentelemetry-api-1.5.0.jar;C:\Users\kbeey\.m2\repository\io\opentelemetry\opentelemetry-context\1.5.0\opentelemetry-context-1.5.0.jar;C:\Users\kbeey\.m2\repository\io\opentelemetry\opentelemetry-semconv\1.5.0-alpha\opentelemetry-semconv-1.5.0-alpha.jar;C:\Users\kbeey\.m2\repository\org\jboss\logging\jboss-logging\3.4.2.Final\jboss-logging-3.4.2.Final.jar;C:\Users\kbeey\.m2\repository\io\smallrye\reactive\smallrye-reactive-converter-api\2.6.0\smallrye-reactive-converter-api-2.6.0.jar;C:\Users\kbeey\.m2\repository\org\reactivestreams\reactive-streams\1.0.3\reactive-streams-1.0.3.jar;C:\Users\kbeey\.m2\repository\io\smallrye\reactive\mutiny\1.0.0\mutiny-1.0.0.jar;C:\Users\kbeey\.m2\repository\io\quarkus\quarkus-jackson\2.2.3.Final\quarkus-jackson-2.2.3.Final.jar;C:\Users\kbeey\.m2\repository\com\fasterxml\jackson\core\jackson-databind\2.12.4\jackson-databind-2.12.4.jar;C:\Users\kbeey\.m2\repository\com\fasterxml\jackson\core\jackson-annotations\2.12.4\jackson-annotations-2.12.4.jar;C:\Users\kbeey\.m2\repository\com\fasterxml\jackson\core\jackson-core\2.12.4\jackson-core-2.12.4.jar;C:\Users\kbeey\.m2\repository\com\fasterxml\jackson\datatype\jackson-datatype-jsr310\2.12.4\jackson-datatype-jsr310-2.12.4.jar;C:\Users\kbeey\.m2\repository\com\fasterxml\jackson\datatype\jackson-datatype-jdk8\2.12.4\jackson-datatype-jdk8-2.12.4.jar;C:\Users\kbeey\.m2\repository\com\fasterxml\jackson\module\jackson-module-parameter-names\2.12.4\jackson-module-parameter-names-2.12.4.jar;C:\Users\kbeey\.m2\repository\org\apache\kafka\kafka-clients\2.8.0\kafka-clients-2.8.0.jar;C:\Users\kbeey\.m2\repository\com\github\luben\zstd-jni\1.4.9-1\zstd-jni-1.4.9-1.jar;C:\Users\kbeey\.m2\repository\org\lz4\lz4-java\1.7.1\lz4-java-1.7.1.jar;C:\Users\kbeey\.m2\repository\org\xerial\snappy\snappy-java\1.1.8.1\snappy-java-1.1.8.1.jar;C:\Users\kbeey\.m2\repository\org\slf4j\slf4j-api\1.7.30\slf4j-api-1.7.30.jar;C:\Users\kbeey\.m2\repository\io\vertx\vertx-kafka-client\4.1.3\vertx-kafka-client-4.1.3.jar;C:\Users\kbeey\.m2\repository\io\vertx\vertx-core\4.1.3\vertx-core-4.1.3.jar;C:\Users\kbeey\.m2\repository\io\netty\netty-common\4.1.67.Final\netty-common-4.1.67.Final.jar;C:\Users\kbeey\.m2\repository\io\netty\netty-buffer\4.1.67.Final\netty-buffer-4.1.67.Final.jar;C:\Users\kbeey\.m2\repository\io\netty\netty-transport\4.1.67.Final\netty-transport-4.1.67.Final.jar;C:\Users\kbeey\.m2\repository\io\netty\netty-handler\4.1.67.Final\netty-handler-4.1.67.Final.jar;C:\Users\kbeey\.m2\repository\io\netty\netty-codec\4.1.67.Final\netty-codec-4.1.67.Final.jar;C:\Users\kbeey\.m2\repository\io\netty\netty-handler-proxy\4.1.67.Final\netty-handler-proxy-4.1.67.Final.jar;C:\Users\kbeey\.m2\repository\io\netty\netty-codec-socks\4.1.67.Final\netty-codec-socks-4.1.67.Final.jar;C:\Users\kbeey\.m2\repository\io\netty\netty-codec-http\4.1.67.Final\netty-codec-http-4.1.67.Final.jar;C:\Users\kbeey\.m2\repository\io\netty\netty-codec-http2\4.1.67.Final\netty-codec-http2-4.1.67.Final.jar;C:\Users\kbeey\.m2\repository\io\netty\netty-resolver\4.1.67.Final\netty-resolver-4.1.67.Final.jar;C:\Users\kbeey\.m2\repository\io\netty\netty-resolver-dns\4.1.67.Final\netty-resolver-dns-4.1.67.Final.jar;C:\Users\kbeey\.m2\repository\io\netty\netty-codec-dns\4.1.67.Final\netty-codec-dns-4.1.67.Final.jar;C:\Users\kbeey\.m2\repository\io\quarkus\quarkus-smallrye-reactive-messaging\2.2.3.Final\quarkus-smallrye-reactive-messaging-2.2.3.Final.jar;C:\Users\kbeey\.m2\repository\io\quarkus\quarkus-mutiny-reactive-streams-operators\2.2.3.Final\quarkus-mutiny-reactive-streams-operators-2.2.3.Final.jar;C:\Users\kbeey\.m2\repository\org\eclipse\microprofile\reactive-streams-operators\microprofile-reactive-streams-operators-api\1.0.1\microprofile-reactive-streams-operators-api-1.0.1.jar;C:\Users\kbeey\.m2\repository\org\eclipse\microprofile\reactive-streams-operators\microprofile-reactive-streams-operators-core\1.0.1\microprofile-reactive-streams-operators-core-1.0.1.jar;C:\Users\kbeey\.m2\repository\io\smallrye\reactive\mutiny-reactive-streams-operators\1.0.0\mutiny-reactive-streams-operators-1.0.0.jar;C:\Users\kbeey\.m2\repository\io\smallrye\reactive\mutiny-smallrye-context-propagation\1.0.0\mutiny-smallrye-context-propagation-1.0.0.jar;C:\Users\kbeey\.m2\repository\io\smallrye\smallrye-context-propagation\1.2.0\smallrye-context-propagation-1.2.0.jar;C:\Users\kbeey\.m2\repository\io\smallrye\smallrye-context-propagation-api\1.2.0\smallrye-context-propagation-api-1.2.0.jar;C:\Users\kbeey\.m2\repository\io\smallrye\smallrye-context-propagation-storage\1.2.0\smallrye-context-propagation-storage-1.2.0.jar;C:\Users\kbeey\.m2\repository\io\quarkus\quarkus-smallrye-context-propagation\2.2.3.Final\quarkus-smallrye-context-propagation-2.2.3.Final.jar;C:\Users\kbeey\.m2\repository\io\quarkus\quarkus-smallrye-reactive-messaging-kotlin\2.2.3.Final\quarkus-smallrye-reactive-messaging-kotlin-2.2.3.Final.jar;C:\Users\kbeey\.m2\repository\io\quarkus\quarkus-vertx\2.2.3.Final\quarkus-vertx-2.2.3.Final.jar;C:\Users\kbeey\.m2\repository\io\quarkus\quarkus-netty\2.2.3.Final\quarkus-netty-2.2.3.Final.jar;C:\Users\kbeey\.m2\repository\io\smallrye\smallrye-fault-tolerance-vertx\5.2.1\smallrye-fault-tolerance-vertx-5.2.1.jar;C:\Users\kbeey\.m2\repository\io\smallrye\common\smallrye-common-annotation\1.6.0\smallrye-common-annotation-1.6.0.jar;C:\Users\kbeey\.m2\repository\io\smallrye\reactive\smallrye-reactive-messaging-health\3.9.1\smallrye-reactive-messaging-health-3.9.1.jar;C:\Users\kbeey\.m2\repository\org\eclipse\microprofile\health\microprofile-health-api\3.1\microprofile-health-api-3.1.jar;C:\Users\kbeey\.m2\repository\io\smallrye\reactive\smallrye-reactive-messaging-provider\3.9.1\smallrye-reactive-messaging-provider-3.9.1.jar;C:\Users\kbeey\.m2\repository\io\smallrye\reactive\smallrye-reactive-messaging-api\3.9.1\smallrye-reactive-messaging-api-3.9.1.jar;C:\Users\kbeey\.m2\repository\io\smallrye\reactive\smallrye-mutiny-vertx-core\2.13.0\smallrye-mutiny-vertx-core-2.13.0.jar;C:\Users\kbeey\.m2\repository\io\smallrye\reactive\smallrye-mutiny-vertx-runtime\2.13.0\smallrye-mutiny-vertx-runtime-2.13.0.jar;C:\Users\kbeey\.m2\repository\io\smallrye\reactive\vertx-mutiny-generator\2.13.0\vertx-mutiny-generator-2.13.0.jar;C:\Users\kbeey\.m2\repository\io\vertx\vertx-codegen\4.1.3\vertx-codegen-4.1.3.jar;C:\Users\kbeey\.m2\repository\org\jboss\jandex\2.3.1.Final\jandex-2.3.1.Final.jar;C:\Users\kbeey\.m2\repository\jakarta\annotation\jakarta.annotation-api\1.3.5\jakarta.annotation-api-1.3.5.jar;C:\Users\kbeey\.m2\repository\io\quarkus\quarkus-arc\2.2.3.Final\quarkus-arc-2.2.3.Final.jar;C:\Users\kbeey\.m2\repository\io\quarkus\arc\arc\2.2.3.Final\arc-2.2.3.Final.jar;C:\Users\kbeey\.m2\repository\jakarta\enterprise\jakarta.enterprise.cdi-api\2.0.2\jakarta.enterprise.cdi-api-2.0.2.jar;C:\Users\kbeey\.m2\repository\jakarta\el\jakarta.el-api\3.0.3\jakarta.el-api-3.0.3.jar;C:\Users\kbeey\.m2\repository\jakarta\interceptor\jakarta.interceptor-api\1.2.5\jakarta.interceptor-api-1.2.5.jar;C:\Users\kbeey\.m2\repository\jakarta\transaction\jakarta.transaction-api\1.3.3\jakarta.transaction-api-1.3.3.jar;C:\Users\kbeey\.m2\repository\io\quarkus\quarkus-core\2.2.3.Final\quarkus-core-2.2.3.Final.jar;C:\Users\kbeey\.m2\repository\jakarta\inject\jakarta.inject-api\1.0\jakarta.inject-api-1.0.jar;C:\Users\kbeey\.m2\repository\io\quarkus\quarkus-ide-launcher\2.2.3.Final\quarkus-ide-launcher-2.2.3.Final.jar;C:\Users\kbeey\.m2\repository\io\quarkus\quarkus-development-mode-spi\2.2.3.Final\quarkus-development-mode-spi-2.2.3.Final.jar;C:\Users\kbeey\.m2\repository\io\smallrye\config\smallrye-config\2.4.4\smallrye-config-2.4.4.jar;C:\Users\kbeey\.m2\repository\io\smallrye\config\smallrye-config-core\2.4.4\smallrye-config-core-2.4.4.jar;C:\Users\kbeey\.m2\repository\org\eclipse\microprofile\config\microprofile-config-api\2.0\microprofile-config-api-2.0.jar;C:\Users\kbeey\.m2\repository\io\smallrye\common\smallrye-common-expression\1.6.0\smallrye-common-expression-1.6.0.jar;C:\Users\kbeey\.m2\repository\io\smallrye\common\smallrye-common-function\1.6.0\smallrye-common-function-1.6.0.jar;C:\Users\kbeey\.m2\repository\io\smallrye\common\smallrye-common-constraint\1.6.0\smallrye-common-constraint-1.6.0.jar;C:\Users\kbeey\.m2\repository\io\smallrye\common\smallrye-common-classloader\1.6.0\smallrye-common-classloader-1.6.0.jar;C:\Users\kbeey\.m2\repository\io\smallrye\config\smallrye-config-common\2.4.4\smallrye-config-common-2.4.4.jar;C:\Users\kbeey\.m2\repository\org\jboss\logmanager\jboss-logmanager-embedded\1.0.9\jboss-logmanager-embedded-1.0.9.jar;C:\Users\kbeey\.m2\repository\org\jboss\logging\jboss-logging-annotations\2.2.1.Final\jboss-logging-annotations-2.2.1.Final.jar;C:\Users\kbeey\.m2\repository\org\jboss\threads\jboss-threads\3.4.2.Final\jboss-threads-3.4.2.Final.jar;C:\Users\kbeey\.m2\repository\org\jboss\slf4j\slf4j-jboss-logmanager\1.1.0.Final\slf4j-jboss-logmanager-1.1.0.Final.jar;C:\Users\kbeey\.m2\repository\org\graalvm\sdk\graal-sdk\21.2.0\graal-sdk-21.2.0.jar;C:\Users\kbeey\.m2\repository\org\wildfly\common\wildfly-common\1.5.4.Final-format-001\wildfly-common-1.5.4.Final-format-001.jar;C:\Users\kbeey\.m2\repository\io\quarkus\quarkus-bootstrap-runner\2.2.3.Final\quarkus-bootstrap-runner-2.2.3.Final.jar;C:\Users\kbeey\.m2\repository\org\eclipse\microprofile\context-propagation\microprofile-context-propagation-api\1.2\microprofile-context-propagation-api-1.2.jar;C:\Users\kbeey\.m2\repository\io\quarkus\quarkus-resteasy-reactive\2.2.3.Final\quarkus-resteasy-reactive-2.2.3.Final.jar;C:\Users\kbeey\.m2\repository\org\jboss\spec\javax\ws\rs\jboss-jaxrs-api_2.1_spec\2.0.1.Final\jboss-jaxrs-api_2.1_spec-2.0.1.Final.jar;C:\Users\kbeey\.m2\repository\io\quarkus\quarkus-resteasy-reactive-server-common\2.2.3.Final\quarkus-resteasy-reactive-server-common-2.2.3.Final.jar;C:\Users\kbeey\.m2\repository\io\quarkus\resteasy\reactive\resteasy-reactive\2.2.3.Final\resteasy-reactive-2.2.3.Final.jar;C:\Users\kbeey\.m2\repository\io\quarkus\resteasy\reactive\resteasy-reactive-vertx\2.2.3.Final\resteasy-reactive-vertx-2.2.3.Final.jar;C:\Users\kbeey\.m2\repository\io\quarkus\quarkus-resteasy-reactive-common\2.2.3.Final\quarkus-resteasy-reactive-common-2.2.3.Final.jar;C:\Users\kbeey\.m2\repository\io\quarkus\resteasy\reactive\resteasy-reactive-common\2.2.3.Final\resteasy-reactive-common-2.2.3.Final.jar;C:\Users\kbeey\.m2\repository\io\quarkus\quarkus-mutiny\2.2.3.Final\quarkus-mutiny-2.2.3.Final.jar;C:\Users\kbeey\.m2\repository\io\quarkus\quarkus-vertx-core\2.2.3.Final\quarkus-vertx-core-2.2.3.Final.jar;C:\Users\kbeey\.m2\repository\io\netty\netty-codec-haproxy\4.1.67.Final\netty-codec-haproxy-4.1.67.Final.jar;C:\Users\kbeey\.m2\repository\io\quarkus\quarkus-vertx-http\2.2.3.Final\quarkus-vertx-http-2.2.3.Final.jar;C:\Users\kbeey\.m2\repository\io\quarkus\quarkus-security-runtime-spi\2.2.3.Final\quarkus-security-runtime-spi-2.2.3.Final.jar;C:\Users\kbeey\.m2\repository\io\quarkus\quarkus-vertx-http-dev-console-runtime-spi\2.2.3.Final\quarkus-vertx-http-dev-console-runtime-spi-2.2.3.Final.jar;C:\Users\kbeey\.m2\repository\io\quarkus\security\quarkus-security\1.1.4.Final\quarkus-security-1.1.4.Final.jar;C:\Users\kbeey\.m2\repository\io\vertx\vertx-web\4.1.3\vertx-web-4.1.3.jar;C:\Users\kbeey\.m2\repository\io\vertx\vertx-web-common\4.1.3\vertx-web-common-4.1.3.jar;C:\Users\kbeey\.m2\repository\io\vertx\vertx-auth-common\4.1.3\vertx-auth-common-4.1.3.jar;C:\Users\kbeey\.m2\repository\io\vertx\vertx-bridge-common\4.1.3\vertx-bridge-common-4.1.3.jar;C:\Users\kbeey\.m2\repository\io\quarkus\quarkus-jsonp\2.2.3.Final\quarkus-jsonp-2.2.3.Final.jar;C:\Users\kbeey\.m2\repository\org\glassfish\jakarta.json\1.1.6\jakarta.json-1.1.6.jar;C:\Users\kbeey\.m2\repository\io\quarkus\quarkus-junit5\2.2.3.Final\quarkus-junit5-2.2.3.Final.jar;C:\Users\kbeey\.m2\repository\io\quarkus\quarkus-bootstrap-core\2.2.3.Final\quarkus-bootstrap-core-2.2.3.Final.jar;C:\Users\kbeey\.m2\repository\io\quarkus\quarkus-bootstrap-app-model\2.2.3.Final\quarkus-bootstrap-app-model-2.2.3.Final.jar;C:\Users\kbeey\.m2\repository\io\quarkus\quarkus-bootstrap-maven-resolver\2.2.3.Final\quarkus-bootstrap-maven-resolver-2.2.3.Final.jar;C:\Users\kbeey\.m2\repository\org\apache\maven\maven-embedder\3.8.1\maven-embedder-3.8.1.jar;C:\Users\kbeey\.m2\repository\org\apache\maven\maven-settings\3.8.1\maven-settings-3.8.1.jar;C:\Users\kbeey\.m2\repository\org\apache\maven\maven-core\3.8.1\maven-core-3.8.1.jar;C:\Users\kbeey\.m2\repository\org\apache\maven\maven-artifact\3.8.1\maven-artifact-3.8.1.jar;C:\Users\kbeey\.m2\repository\org\codehaus\plexus\plexus-component-annotations\2.1.0\plexus-component-annotations-2.1.0.jar;C:\Users\kbeey\.m2\repository\org\apache\maven\maven-plugin-api\3.8.1\maven-plugin-api-3.8.1.jar;C:\Users\kbeey\.m2\repository\org\apache\maven\maven-model\3.8.1\maven-model-3.8.1.jar;C:\Users\kbeey\.m2\repository\org\apache\maven\maven-model-builder\3.8.1\maven-model-builder-3.8.1.jar;C:\Users\kbeey\.m2\repository\org\apache\maven\maven-builder-support\3.8.1\maven-builder-support-3.8.1.jar;C:\Users\kbeey\.m2\repository\org\apache\maven\resolver\maven-resolver-api\1.6.2\maven-resolver-api-1.6.2.jar;C:\Users\kbeey\.m2\repository\org\apache\maven\resolver\maven-resolver-util\1.6.2\maven-resolver-util-1.6.2.jar;C:\Users\kbeey\.m2\repository\org\apache\maven\shared\maven-shared-utils\3.3.3\maven-shared-utils-3.3.3.jar;C:\Users\kbeey\.m2\repository\commons-io\commons-io\2.11.0\commons-io-2.11.0.jar;C:\Users\kbeey\.m2\repository\com\google\inject\guice\4.2.1\guice-4.2.1-no_aop.jar;C:\Users\kbeey\.m2\repository\com\google\guava\guava\30.1.1-jre\guava-30.1.1-jre.jar;C:\Users\kbeey\.m2\repository\com\google\guava\failureaccess\1.0.1\failureaccess-1.0.1.jar;C:\Users\kbeey\.m2\repository\com\google\guava\listenablefuture\9999.0-empty-to-avoid-conflict-with-guava\listenablefuture-9999.0-empty-to-avoid-conflict-with-guava.jar;C:\Users\kbeey\.m2\repository\org\codehaus\plexus\plexus-utils\3.2.1\plexus-utils-3.2.1.jar;C:\Users\kbeey\.m2\repository\org\codehaus\plexus\plexus-classworlds\2.6.0\plexus-classworlds-2.6.0.jar;C:\Users\kbeey\.m2\repository\commons-cli\commons-cli\1.4\commons-cli-1.4.jar;C:\Users\kbeey\.m2\repository\org\eclipse\sisu\org.eclipse.sisu.plexus\0.3.4\org.eclipse.sisu.plexus-0.3.4.jar;C:\Users\kbeey\.m2\repository\org\apache\maven\maven-settings-builder\3.8.1\maven-settings-builder-3.8.1.jar;C:\Users\kbeey\.m2\repository\org\codehaus\plexus\plexus-interpolation\1.25\plexus-interpolation-1.25.jar;C:\Users\kbeey\.m2\repository\org\sonatype\plexus\plexus-sec-dispatcher\1.4\plexus-sec-dispatcher-1.4.jar;C:\Users\kbeey\.m2\repository\org\sonatype\plexus\plexus-cipher\1.4\plexus-cipher-1.4.jar;C:\Users\kbeey\.m2\repository\org\apache\maven\maven-resolver-provider\3.8.1\maven-resolver-provider-3.8.1.jar;C:\Users\kbeey\.m2\repository\org\apache\maven\maven-repository-metadata\3.8.1\maven-repository-metadata-3.8.1.jar;C:\Users\kbeey\.m2\repository\org\apache\maven\resolver\maven-resolver-spi\1.6.2\maven-resolver-spi-1.6.2.jar;C:\Users\kbeey\.m2\repository\org\apache\maven\resolver\maven-resolver-impl\1.6.2\maven-resolver-impl-1.6.2.jar;C:\Users\kbeey\.m2\repository\org\apache\maven\resolver\maven-resolver-connector-basic\1.6.2\maven-resolver-connector-basic-1.6.2.jar;C:\Users\kbeey\.m2\repository\org\apache\maven\resolver\maven-resolver-transport-wagon\1.6.2\maven-resolver-transport-wagon-1.6.2.jar;C:\Users\kbeey\.m2\repository\org\apache\maven\wagon\wagon-http\3.4.3\wagon-http-3.4.3.jar;C:\Users\kbeey\.m2\repository\org\apache\maven\wagon\wagon-http-shared\3.4.3\wagon-http-shared-3.4.3.jar;C:\Users\kbeey\.m2\repository\org\jsoup\jsoup\1.12.1\jsoup-1.12.1.jar;C:\Users\kbeey\.m2\repository\org\apache\maven\wagon\wagon-provider-api\3.4.3\wagon-provider-api-3.4.3.jar;C:\Users\kbeey\.m2\repository\org\apache\maven\wagon\wagon-file\3.4.3\wagon-file-3.4.3.jar;C:\Users\kbeey\.m2\repository\io\quarkus\quarkus-bootstrap-gradle-resolver\2.2.3.Final\quarkus-bootstrap-gradle-resolver-2.2.3.Final.jar;C:\Users\kbeey\.m2\repository\io\smallrye\common\smallrye-common-io\1.6.0\smallrye-common-io-1.6.0.jar;C:\Users\kbeey\.m2\repository\org\eclipse\sisu\org.eclipse.sisu.inject\0.3.4\org.eclipse.sisu.inject-0.3.4.jar;C:\Users\kbeey\.m2\repository\io\quarkus\quarkus-test-common\2.2.3.Final\quarkus-test-common-2.2.3.Final.jar;C:\Users\kbeey\.m2\repository\io\quarkus\quarkus-core-deployment\2.2.3.Final\quarkus-core-deployment-2.2.3.Final.jar;C:\Users\kbeey\.m2\repository\org\aesh\readline\2.1\readline-2.1.jar;C:\Users\kbeey\.m2\repository\org\fusesource\jansi\jansi\1.18\jansi-1.18.jar;C:\Users\kbeey\.m2\repository\io\quarkus\gizmo\gizmo\1.0.9.Final\gizmo-1.0.9.Final.jar;C:\Users\kbeey\.m2\repository\org\ow2\asm\asm-util\9.1\asm-util-9.1.jar;C:\Users\kbeey\.m2\repository\org\ow2\asm\asm-tree\9.1\asm-tree-9.1.jar;C:\Users\kbeey\.m2\repository\org\ow2\asm\asm-analysis\9.1\asm-analysis-9.1.jar;C:\Users\kbeey\.m2\repository\org\ow2\asm\asm\9.1\asm-9.1.jar;C:\Users\kbeey\.m2\repository\io\quarkus\quarkus-class-change-agent\2.2.3.Final\quarkus-class-change-agent-2.2.3.Final.jar;C:\Users\kbeey\.m2\repository\io\quarkus\quarkus-devtools-utilities\2.2.3.Final\quarkus-devtools-utilities-2.2.3.Final.jar;C:\Users\kbeey\.m2\repository\io\quarkus\quarkus-builder\2.2.3.Final\quarkus-builder-2.2.3.Final.jar;C:\Users\kbeey\.m2\repository\org\junit\platform\junit-platform-launcher\1.7.2\junit-platform-launcher-1.7.2.jar;C:\Users\kbeey\.m2\repository\io\quarkus\quarkus-jsonp-deployment\2.2.3.Final\quarkus-jsonp-deployment-2.2.3.Final.jar;C:\Users\kbeey\.m2\repository\org\jboss\logging\commons-logging-jboss-logging\1.0.0.Final\commons-logging-jboss-logging-1.0.0.Final.jar;C:\Users\kbeey\.m2\repository\org\junit\jupiter\junit-jupiter\5.7.2\junit-jupiter-5.7.2.jar;C:\Users\kbeey\.m2\repository\org\junit\jupiter\junit-jupiter-api\5.7.2\junit-jupiter-api-5.7.2.jar;C:\Users\kbeey\.m2\repository\org\apiguardian\apiguardian-api\1.1.0\apiguardian-api-1.1.0.jar;C:\Users\kbeey\.m2\repository\org\opentest4j\opentest4j\1.2.0\opentest4j-1.2.0.jar;C:\Users\kbeey\.m2\repository\org\junit\platform\junit-platform-commons\1.7.2\junit-platform-commons-1.7.2.jar;C:\Users\kbeey\.m2\repository\org\junit\jupiter\junit-jupiter-params\5.7.2\junit-jupiter-params-5.7.2.jar;C:\Users\kbeey\.m2\repository\org\junit\jupiter\junit-jupiter-engine\5.7.2\junit-jupiter-engine-5.7.2.jar;C:\Users\kbeey\.m2\repository\org\junit\platform\junit-platform-engine\1.7.2\junit-platform-engine-1.7.2.jar;C:\Users\kbeey\.m2\repository\com\thoughtworks\xstream\xstream\1.4.17\xstream-1.4.17.jar;C:\Users\kbeey\.m2\repository\io\github\x-stream\mxparser\1.2.1\mxparser-1.2.1.jar;C:\Users\kbeey\.m2\repository\xmlpull\xmlpull\1.1.3.1\xmlpull-1.1.3.1.jar;C:\Users\kbeey\.m2\repository\io\rest-assured\rest-assured\4.4.0\rest-assured-4.4.0.jar;C:\Users\kbeey\.m2\repository\org\codehaus\groovy\groovy\3.0.8\groovy-3.0.8.jar;C:\Users\kbeey\.m2\repository\org\codehaus\groovy\groovy-xml\3.0.8\groovy-xml-3.0.8.jar;C:\Users\kbeey\.m2\repository\org\apache\httpcomponents\httpclient\4.5.13\httpclient-4.5.13.jar;C:\Users\kbeey\.m2\repository\org\apache\httpcomponents\httpcore\4.4.14\httpcore-4.4.14.jar;C:\Users\kbeey\.m2\repository\commons-codec\commons-codec\1.15\commons-codec-1.15.jar;C:\Users\kbeey\.m2\repository\org\apache\httpcomponents\httpmime\4.5.13\httpmime-4.5.13.jar;C:\Users\kbeey\.m2\repository\org\hamcrest\hamcrest\2.1\hamcrest-2.1.jar;C:\Users\kbeey\.m2\repository\org\ccil\cowan\tagsoup\tagsoup\1.2.1\tagsoup-1.2.1.jar;C:\Users\kbeey\.m2\repository\io\rest-assured\json-path\4.4.0\json-path-4.4.0.jar;C:\Users\kbeey\.m2\repository\org\codehaus\groovy\groovy-json\3.0.8\groovy-json-3.0.8.jar;C:\Users\kbeey\.m2\repository\io\rest-assured\rest-assured-common\4.4.0\rest-assured-common-4.4.0.jar;C:\Users\kbeey\.m2\repository\io\rest-assured\xml-path\4.4.0\xml-path-4.4.0.jar;C:\Users\kbeey\.m2\repository\org\apache\commons\commons-lang3\3.12.0\commons-lang3-3.12.0.jar;C:\Users\kbeey\.m2\repository\jakarta\xml\bind\jakarta.xml.bind-api\2.3.3\jakarta.xml.bind-api-2.3.3.jar;C:\Users\kbeey\.m2\repository\com\sun\xml\bind\jaxb-impl\2.3.3\jaxb-impl-2.3.3.jar;"/>
    <property name="java.vm.vendor" value="Oracle Corporation"/>
    <property name="sun.arch.data.model" value="64"/>
    <property name="user.variant" value=""/>
    <property name="java.vendor.url" value="https://openjdk.java.net/"/>
    <property name="user.timezone" value="Asia/Seoul"/>
    <property name="java.vm.specification.version" value="11"/>
    <property name="os.name" value="Windows 10"/>
    <property name="sun.java.launcher" value="SUN_STANDARD"/>
    <property name="user.country" value="KR"/>
    <property name="sun.boot.library.path" value="C:\Program Files\Java\jdk-11.0.12\bin"/>
    <property name="sun.java.command" value="C:\Users\kbeey\AppData\Local\Temp\surefire9649646399889339779\surefirebooter11832637519391502689.jar C:\Users\kbeey\AppData\Local\Temp\surefire9649646399889339779 2021-09-24T01-03-03_409-jvmRun1 surefire14387569557211554348tmp surefire_03231949323390443401tmp"/>
    <property name="jdk.debug" value="release"/>
    <property name="maven.home" value="C:\Program Files\JetBrains\IntelliJ IDEA 2020.1.3\plugins\maven\lib\maven3"/>
    <property name="surefire.test.class.path" value="C:\Users\kbeey\Documents\workspace-git\quarkus-learning\producer\target\test-classes;C:\Users\kbeey\Documents\workspace-git\quarkus-learning\producer\target\classes;C:\Users\kbeey\.m2\repository\io\quarkus\quarkus-resteasy-reactive-jackson\2.2.3.Final\quarkus-resteasy-reactive-jackson-2.2.3.Final.jar;C:\Users\kbeey\.m2\repository\io\quarkus\quarkus-resteasy-reactive-jackson-common\2.2.3.Final\quarkus-resteasy-reactive-jackson-common-2.2.3.Final.jar;C:\Users\kbeey\.m2\repository\io\quarkus\quarkus-smallrye-reactive-messaging-kafka\2.2.3.Final\quarkus-smallrye-reactive-messaging-kafka-2.2.3.Final.jar;C:\Users\kbeey\.m2\repository\io\quarkus\quarkus-kafka-client\2.2.3.Final\quarkus-kafka-client-2.2.3.Final.jar;C:\Users\kbeey\.m2\repository\io\quarkus\quarkus-caffeine\2.2.3.Final\quarkus-caffeine-2.2.3.Final.jar;C:\Users\kbeey\.m2\repository\com\github\ben-manes\caffeine\caffeine\2.9.2\caffeine-2.9.2.jar;C:\Users\kbeey\.m2\repository\com\google\errorprone\error_prone_annotations\2.2.0\error_prone_annotations-2.2.0.jar;C:\Users\kbeey\.m2\repository\io\smallrye\reactive\smallrye-reactive-messaging-kafka\3.9.1\smallrye-reactive-messaging-kafka-3.9.1.jar;C:\Users\kbeey\.m2\repository\io\smallrye\reactive\smallrye-reactive-messaging-kafka-api\3.9.1\smallrye-reactive-messaging-kafka-api-3.9.1.jar;C:\Users\kbeey\.m2\repository\io\opentelemetry\opentelemetry-api\1.5.0\opentelemetry-api-1.5.0.jar;C:\Users\kbeey\.m2\repository\io\opentelemetry\opentelemetry-context\1.5.0\opentelemetry-context-1.5.0.jar;C:\Users\kbeey\.m2\repository\io\opentelemetry\opentelemetry-semconv\1.5.0-alpha\opentelemetry-semconv-1.5.0-alpha.jar;C:\Users\kbeey\.m2\repository\org\jboss\logging\jboss-logging\3.4.2.Final\jboss-logging-3.4.2.Final.jar;C:\Users\kbeey\.m2\repository\io\smallrye\reactive\smallrye-reactive-converter-api\2.6.0\smallrye-reactive-converter-api-2.6.0.jar;C:\Users\kbeey\.m2\repository\org\reactivestreams\reactive-streams\1.0.3\reactive-streams-1.0.3.jar;C:\Users\kbeey\.m2\repository\io\smallrye\reactive\mutiny\1.0.0\mutiny-1.0.0.jar;C:\Users\kbeey\.m2\repository\io\quarkus\quarkus-jackson\2.2.3.Final\quarkus-jackson-2.2.3.Final.jar;C:\Users\kbeey\.m2\repository\com\fasterxml\jackson\core\jackson-databind\2.12.4\jackson-databind-2.12.4.jar;C:\Users\kbeey\.m2\repository\com\fasterxml\jackson\core\jackson-annotations\2.12.4\jackson-annotations-2.12.4.jar;C:\Users\kbeey\.m2\repository\com\fasterxml\jackson\core\jackson-core\2.12.4\jackson-core-2.12.4.jar;C:\Users\kbeey\.m2\repository\com\fasterxml\jackson\datatype\jackson-datatype-jsr310\2.12.4\jackson-datatype-jsr310-2.12.4.jar;C:\Users\kbeey\.m2\repository\com\fasterxml\jackson\datatype\jackson-datatype-jdk8\2.12.4\jackson-datatype-jdk8-2.12.4.jar;C:\Users\kbeey\.m2\repository\com\fasterxml\jackson\module\jackson-module-parameter-names\2.12.4\jackson-module-parameter-names-2.12.4.jar;C:\Users\kbeey\.m2\repository\org\apache\kafka\kafka-clients\2.8.0\kafka-clients-2.8.0.jar;C:\Users\kbeey\.m2\repository\com\github\luben\zstd-jni\1.4.9-1\zstd-jni-1.4.9-1.jar;C:\Users\kbeey\.m2\repository\org\lz4\lz4-java\1.7.1\lz4-java-1.7.1.jar;C:\Users\kbeey\.m2\repository\org\xerial\snappy\snappy-java\1.1.8.1\snappy-java-1.1.8.1.jar;C:\Users\kbeey\.m2\repository\org\slf4j\slf4j-api\1.7.30\slf4j-api-1.7.30.jar;C:\Users\kbeey\.m2\repository\io\vertx\vertx-kafka-client\4.1.3\vertx-kafka-client-4.1.3.jar;C:\Users\kbeey\.m2\repository\io\vertx\vertx-core\4.1.3\vertx-core-4.1.3.jar;C:\Users\kbeey\.m2\repository\io\netty\netty-common\4.1.67.Final\netty-common-4.1.67.Final.jar;C:\Users\kbeey\.m2\repository\io\netty\netty-buffer\4.1.67.Final\netty-buffer-4.1.67.Final.jar;C:\Users\kbeey\.m2\repository\io\netty\netty-transport\4.1.67.Final\netty-transport-4.1.67.Final.jar;C:\Users\kbeey\.m2\repository\io\netty\netty-handler\4.1.67.Final\netty-handler-4.1.67.Final.jar;C:\Users\kbeey\.m2\repository\io\netty\netty-codec\4.1.67.Final\netty-codec-4.1.67.Final.jar;C:\Users\kbeey\.m2\repository\io\netty\netty-handler-proxy\4.1.67.Final\netty-handler-proxy-4.1.67.Final.jar;C:\Users\kbeey\.m2\repository\io\netty\netty-codec-socks\4.1.67.Final\netty-codec-socks-4.1.67.Final.jar;C:\Users\kbeey\.m2\repository\io\netty\netty-codec-http\4.1.67.Final\netty-codec-http-4.1.67.Final.jar;C:\Users\kbeey\.m2\repository\io\netty\netty-codec-http2\4.1.67.Final\netty-codec-http2-4.1.67.Final.jar;C:\Users\kbeey\.m2\repository\io\netty\netty-resolver\4.1.67.Final\netty-resolver-4.1.67.Final.jar;C:\Users\kbeey\.m2\repository\io\netty\netty-resolver-dns\4.1.67.Final\netty-resolver-dns-4.1.67.Final.jar;C:\Users\kbeey\.m2\repository\io\netty\netty-codec-dns\4.1.67.Final\netty-codec-dns-4.1.67.Final.jar;C:\Users\kbeey\.m2\repository\io\quarkus\quarkus-smallrye-reactive-messaging\2.2.3.Final\quarkus-smallrye-reactive-messaging-2.2.3.Final.jar;C:\Users\kbeey\.m2\repository\io\quarkus\quarkus-mutiny-reactive-streams-operators\2.2.3.Final\quarkus-mutiny-reactive-streams-operators-2.2.3.Final.jar;C:\Users\kbeey\.m2\repository\org\eclipse\microprofile\reactive-streams-operators\microprofile-reactive-streams-operators-api\1.0.1\microprofile-reactive-streams-operators-api-1.0.1.jar;C:\Users\kbeey\.m2\repository\org\eclipse\microprofile\reactive-streams-operators\microprofile-reactive-streams-operators-core\1.0.1\microprofile-reactive-streams-operators-core-1.0.1.jar;C:\Users\kbeey\.m2\repository\io\smallrye\reactive\mutiny-reactive-streams-operators\1.0.0\mutiny-reactive-streams-operators-1.0.0.jar;C:\Users\kbeey\.m2\repository\io\smallrye\reactive\mutiny-smallrye-context-propagation\1.0.0\mutiny-smallrye-context-propagation-1.0.0.jar;C:\Users\kbeey\.m2\repository\io\smallrye\smallrye-context-propagation\1.2.0\smallrye-context-propagation-1.2.0.jar;C:\Users\kbeey\.m2\repository\io\smallrye\smallrye-context-propagation-api\1.2.0\smallrye-context-propagation-api-1.2.0.jar;C:\Users\kbeey\.m2\repository\io\smallrye\smallrye-context-propagation-storage\1.2.0\smallrye-context-propagation-storage-1.2.0.jar;C:\Users\kbeey\.m2\repository\io\quarkus\quarkus-smallrye-context-propagation\2.2.3.Final\quarkus-smallrye-context-propagation-2.2.3.Final.jar;C:\Users\kbeey\.m2\repository\io\quarkus\quarkus-smallrye-reactive-messaging-kotlin\2.2.3.Final\quarkus-smallrye-reactive-messaging-kotlin-2.2.3.Final.jar;C:\Users\kbeey\.m2\repository\io\quarkus\quarkus-vertx\2.2.3.Final\quarkus-vertx-2.2.3.Final.jar;C:\Users\kbeey\.m2\repository\io\quarkus\quarkus-netty\2.2.3.Final\quarkus-netty-2.2.3.Final.jar;C:\Users\kbeey\.m2\repository\io\smallrye\smallrye-fault-tolerance-vertx\5.2.1\smallrye-fault-tolerance-vertx-5.2.1.jar;C:\Users\kbeey\.m2\repository\io\smallrye\common\smallrye-common-annotation\1.6.0\smallrye-common-annotation-1.6.0.jar;C:\Users\kbeey\.m2\repository\io\smallrye\reactive\smallrye-reactive-messaging-health\3.9.1\smallrye-reactive-messaging-health-3.9.1.jar;C:\Users\kbeey\.m2\repository\org\eclipse\microprofile\health\microprofile-health-api\3.1\microprofile-health-api-3.1.jar;C:\Users\kbeey\.m2\repository\io\smallrye\reactive\smallrye-reactive-messaging-provider\3.9.1\smallrye-reactive-messaging-provider-3.9.1.jar;C:\Users\kbeey\.m2\repository\io\smallrye\reactive\smallrye-reactive-messaging-api\3.9.1\smallrye-reactive-messaging-api-3.9.1.jar;C:\Users\kbeey\.m2\repository\io\smallrye\reactive\smallrye-mutiny-vertx-core\2.13.0\smallrye-mutiny-vertx-core-2.13.0.jar;C:\Users\kbeey\.m2\repository\io\smallrye\reactive\smallrye-mutiny-vertx-runtime\2.13.0\smallrye-mutiny-vertx-runtime-2.13.0.jar;C:\Users\kbeey\.m2\repository\io\smallrye\reactive\vertx-mutiny-generator\2.13.0\vertx-mutiny-generator-2.13.0.jar;C:\Users\kbeey\.m2\repository\io\vertx\vertx-codegen\4.1.3\vertx-codegen-4.1.3.jar;C:\Users\kbeey\.m2\repository\org\jboss\jandex\2.3.1.Final\jandex-2.3.1.Final.jar;C:\Users\kbeey\.m2\repository\jakarta\annotation\jakarta.annotation-api\1.3.5\jakarta.annotation-api-1.3.5.jar;C:\Users\kbeey\.m2\repository\io\quarkus\quarkus-arc\2.2.3.Final\quarkus-arc-2.2.3.Final.jar;C:\Users\kbeey\.m2\repository\io\quarkus\arc\arc\2.2.3.Final\arc-2.2.3.Final.jar;C:\Users\kbeey\.m2\repository\jakarta\enterprise\jakarta.enterprise.cdi-api\2.0.2\jakarta.enterprise.cdi-api-2.0.2.jar;C:\Users\kbeey\.m2\repository\jakarta\el\jakarta.el-api\3.0.3\jakarta.el-api-3.0.3.jar;C:\Users\kbeey\.m2\repository\jakarta\interceptor\jakarta.interceptor-api\1.2.5\jakarta.interceptor-api-1.2.5.jar;C:\Users\kbeey\.m2\repository\jakarta\transaction\jakarta.transaction-api\1.3.3\jakarta.transaction-api-1.3.3.jar;C:\Users\kbeey\.m2\repository\io\quarkus\quarkus-core\2.2.3.Final\quarkus-core-2.2.3.Final.jar;C:\Users\kbeey\.m2\repository\jakarta\inject\jakarta.inject-api\1.0\jakarta.inject-api-1.0.jar;C:\Users\kbeey\.m2\repository\io\quarkus\quarkus-ide-launcher\2.2.3.Final\quarkus-ide-launcher-2.2.3.Final.jar;C:\Users\kbeey\.m2\repository\io\quarkus\quarkus-development-mode-spi\2.2.3.Final\quarkus-development-mode-spi-2.2.3.Final.jar;C:\Users\kbeey\.m2\repository\io\smallrye\config\smallrye-config\2.4.4\smallrye-config-2.4.4.jar;C:\Users\kbeey\.m2\repository\io\smallrye\config\smallrye-config-core\2.4.4\smallrye-config-core-2.4.4.jar;C:\Users\kbeey\.m2\repository\org\eclipse\microprofile\config\microprofile-config-api\2.0\microprofile-config-api-2.0.jar;C:\Users\kbeey\.m2\repository\io\smallrye\common\smallrye-common-expression\1.6.0\smallrye-common-expression-1.6.0.jar;C:\Users\kbeey\.m2\repository\io\smallrye\common\smallrye-common-function\1.6.0\smallrye-common-function-1.6.0.jar;C:\Users\kbeey\.m2\repository\io\smallrye\common\smallrye-common-constraint\1.6.0\smallrye-common-constraint-1.6.0.jar;C:\Users\kbeey\.m2\repository\io\smallrye\common\smallrye-common-classloader\1.6.0\smallrye-common-classloader-1.6.0.jar;C:\Users\kbeey\.m2\repository\io\smallrye\config\smallrye-config-common\2.4.4\smallrye-config-common-2.4.4.jar;C:\Users\kbeey\.m2\repository\org\jboss\logmanager\jboss-logmanager-embedded\1.0.9\jboss-logmanager-embedded-1.0.9.jar;C:\Users\kbeey\.m2\repository\org\jboss\logging\jboss-logging-annotations\2.2.1.Final\jboss-logging-annotations-2.2.1.Final.jar;C:\Users\kbeey\.m2\repository\org\jboss\threads\jboss-threads\3.4.2.Final\jboss-threads-3.4.2.Final.jar;C:\Users\kbeey\.m2\repository\org\jboss\slf4j\slf4j-jboss-logmanager\1.1.0.Final\slf4j-jboss-logmanager-1.1.0.Final.jar;C:\Users\kbeey\.m2\repository\org\graalvm\sdk\graal-sdk\21.2.0\graal-sdk-21.2.0.jar;C:\Users\kbeey\.m2\repository\org\wildfly\common\wildfly-common\1.5.4.Final-format-001\wildfly-common-1.5.4.Final-format-001.jar;C:\Users\kbeey\.m2\repository\io\quarkus\quarkus-bootstrap-runner\2.2.3.Final\quarkus-bootstrap-runner-2.2.3.Final.jar;C:\Users\kbeey\.m2\repository\org\eclipse\microprofile\context-propagation\microprofile-context-propagation-api\1.2\microprofile-context-propagation-api-1.2.jar;C:\Users\kbeey\.m2\repository\io\quarkus\quarkus-resteasy-reactive\2.2.3.Final\quarkus-resteasy-reactive-2.2.3.Final.jar;C:\Users\kbeey\.m2\repository\org\jboss\spec\javax\ws\rs\jboss-jaxrs-api_2.1_spec\2.0.1.Final\jboss-jaxrs-api_2.1_spec-2.0.1.Final.jar;C:\Users\kbeey\.m2\repository\io\quarkus\quarkus-resteasy-reactive-server-common\2.2.3.Final\quarkus-resteasy-reactive-server-common-2.2.3.Final.jar;C:\Users\kbeey\.m2\repository\io\quarkus\resteasy\reactive\resteasy-reactive\2.2.3.Final\resteasy-reactive-2.2.3.Final.jar;C:\Users\kbeey\.m2\repository\io\quarkus\resteasy\reactive\resteasy-reactive-vertx\2.2.3.Final\resteasy-reactive-vertx-2.2.3.Final.jar;C:\Users\kbeey\.m2\repository\io\quarkus\quarkus-resteasy-reactive-common\2.2.3.Final\quarkus-resteasy-reactive-common-2.2.3.Final.jar;C:\Users\kbeey\.m2\repository\io\quarkus\resteasy\reactive\resteasy-reactive-common\2.2.3.Final\resteasy-reactive-common-2.2.3.Final.jar;C:\Users\kbeey\.m2\repository\io\quarkus\quarkus-mutiny\2.2.3.Final\quarkus-mutiny-2.2.3.Final.jar;C:\Users\kbeey\.m2\repository\io\quarkus\quarkus-vertx-core\2.2.3.Final\quarkus-vertx-core-2.2.3.Final.jar;C:\Users\kbeey\.m2\repository\io\netty\netty-codec-haproxy\4.1.67.Final\netty-codec-haproxy-4.1.67.Final.jar;C:\Users\kbeey\.m2\repository\io\quarkus\quarkus-vertx-http\2.2.3.Final\quarkus-vertx-http-2.2.3.Final.jar;C:\Users\kbeey\.m2\repository\io\quarkus\quarkus-security-runtime-spi\2.2.3.Final\quarkus-security-runtime-spi-2.2.3.Final.jar;C:\Users\kbeey\.m2\repository\io\quarkus\quarkus-vertx-http-dev-console-runtime-spi\2.2.3.Final\quarkus-vertx-http-dev-console-runtime-spi-2.2.3.Final.jar;C:\Users\kbeey\.m2\repository\io\quarkus\security\quarkus-security\1.1.4.Final\quarkus-security-1.1.4.Final.jar;C:\Users\kbeey\.m2\repository\io\vertx\vertx-web\4.1.3\vertx-web-4.1.3.jar;C:\Users\kbeey\.m2\repository\io\vertx\vertx-web-common\4.1.3\vertx-web-common-4.1.3.jar;C:\Users\kbeey\.m2\repository\io\vertx\vertx-auth-common\4.1.3\vertx-auth-common-4.1.3.jar;C:\Users\kbeey\.m2\repository\io\vertx\vertx-bridge-common\4.1.3\vertx-bridge-common-4.1.3.jar;C:\Users\kbeey\.m2\repository\io\quarkus\quarkus-jsonp\2.2.3.Final\quarkus-jsonp-2.2.3.Final.jar;C:\Users\kbeey\.m2\repository\org\glassfish\jakarta.json\1.1.6\jakarta.json-1.1.6.jar;C:\Users\kbeey\.m2\repository\io\quarkus\quarkus-junit5\2.2.3.Final\quarkus-junit5-2.2.3.Final.jar;C:\Users\kbeey\.m2\repository\io\quarkus\quarkus-bootstrap-core\2.2.3.Final\quarkus-bootstrap-core-2.2.3.Final.jar;C:\Users\kbeey\.m2\repository\io\quarkus\quarkus-bootstrap-app-model\2.2.3.Final\quarkus-bootstrap-app-model-2.2.3.Final.jar;C:\Users\kbeey\.m2\repository\io\quarkus\quarkus-bootstrap-maven-resolver\2.2.3.Final\quarkus-bootstrap-maven-resolver-2.2.3.Final.jar;C:\Users\kbeey\.m2\repository\org\apache\maven\maven-embedder\3.8.1\maven-embedder-3.8.1.jar;C:\Users\kbeey\.m2\repository\org\apache\maven\maven-settings\3.8.1\maven-settings-3.8.1.jar;C:\Users\kbeey\.m2\repository\org\apache\maven\maven-core\3.8.1\maven-core-3.8.1.jar;C:\Users\kbeey\.m2\repository\org\apache\maven\maven-artifact\3.8.1\maven-artifact-3.8.1.jar;C:\Users\kbeey\.m2\repository\org\codehaus\plexus\plexus-component-annotations\2.1.0\plexus-component-annotations-2.1.0.jar;C:\Users\kbeey\.m2\repository\org\apache\maven\maven-plugin-api\3.8.1\maven-plugin-api-3.8.1.jar;C:\Users\kbeey\.m2\repository\org\apache\maven\maven-model\3.8.1\maven-model-3.8.1.jar;C:\Users\kbeey\.m2\repository\org\apache\maven\maven-model-builder\3.8.1\maven-model-builder-3.8.1.jar;C:\Users\kbeey\.m2\repository\org\apache\maven\maven-builder-support\3.8.1\maven-builder-support-3.8.1.jar;C:\Users\kbeey\.m2\repository\org\apache\maven\resolver\maven-resolver-api\1.6.2\maven-resolver-api-1.6.2.jar;C:\Users\kbeey\.m2\repository\org\apache\maven\resolver\maven-resolver-util\1.6.2\maven-resolver-util-1.6.2.jar;C:\Users\kbeey\.m2\repository\org\apache\maven\shared\maven-shared-utils\3.3.3\maven-shared-utils-3.3.3.jar;C:\Users\kbeey\.m2\repository\commons-io\commons-io\2.11.0\commons-io-2.11.0.jar;C:\Users\kbeey\.m2\repository\com\google\inject\guice\4.2.1\guice-4.2.1-no_aop.jar;C:\Users\kbeey\.m2\repository\com\google\guava\guava\30.1.1-jre\guava-30.1.1-jre.jar;C:\Users\kbeey\.m2\repository\com\google\guava\failureaccess\1.0.1\failureaccess-1.0.1.jar;C:\Users\kbeey\.m2\repository\com\google\guava\listenablefuture\9999.0-empty-to-avoid-conflict-with-guava\listenablefuture-9999.0-empty-to-avoid-conflict-with-guava.jar;C:\Users\kbeey\.m2\repository\org\codehaus\plexus\plexus-utils\3.2.1\plexus-utils-3.2.1.jar;C:\Users\kbeey\.m2\repository\org\codehaus\plexus\plexus-classworlds\2.6.0\plexus-classworlds-2.6.0.jar;C:\Users\kbeey\.m2\repository\commons-cli\commons-cli\1.4\commons-cli-1.4.jar;C:\Users\kbeey\.m2\repository\org\eclipse\sisu\org.eclipse.sisu.plexus\0.3.4\org.eclipse.sisu.plexus-0.3.4.jar;C:\Users\kbeey\.m2\repository\org\apache\maven\maven-settings-builder\3.8.1\maven-settings-builder-3.8.1.jar;C:\Users\kbeey\.m2\repository\org\codehaus\plexus\plexus-interpolation\1.25\plexus-interpolation-1.25.jar;C:\Users\kbeey\.m2\repository\org\sonatype\plexus\plexus-sec-dispatcher\1.4\plexus-sec-dispatcher-1.4.jar;C:\Users\kbeey\.m2\repository\org\sonatype\plexus\plexus-cipher\1.4\plexus-cipher-1.4.jar;C:\Users\kbeey\.m2\repository\org\apache\maven\maven-resolver-provider\3.8.1\maven-resolver-provider-3.8.1.jar;C:\Users\kbeey\.m2\repository\org\apache\maven\maven-repository-metadata\3.8.1\maven-repository-metadata-3.8.1.jar;C:\Users\kbeey\.m2\repository\org\apache\maven\resolver\maven-resolver-spi\1.6.2\maven-resolver-spi-1.6.2.jar;C:\Users\kbeey\.m2\repository\org\apache\maven\resolver\maven-resolver-impl\1.6.2\maven-resolver-impl-1.6.2.jar;C:\Users\kbeey\.m2\repository\org\apache\maven\resolver\maven-resolver-connector-basic\1.6.2\maven-resolver-connector-basic-1.6.2.jar;C:\Users\kbeey\.m2\repository\org\apache\maven\resolver\maven-resolver-transport-wagon\1.6.2\maven-resolver-transport-wagon-1.6.2.jar;C:\Users\kbeey\.m2\repository\org\apache\maven\wagon\wagon-http\3.4.3\wagon-http-3.4.3.jar;C:\Users\kbeey\.m2\repository\org\apache\maven\wagon\wagon-http-shared\3.4.3\wagon-http-shared-3.4.3.jar;C:\Users\kbeey\.m2\repository\org\jsoup\jsoup\1.12.1\jsoup-1.12.1.jar;C:\Users\kbeey\.m2\repository\org\apache\maven\wagon\wagon-provider-api\3.4.3\wagon-provider-api-3.4.3.jar;C:\Users\kbeey\.m2\repository\org\apache\maven\wagon\wagon-file\3.4.3\wagon-file-3.4.3.jar;C:\Users\kbeey\.m2\repository\io\quarkus\quarkus-bootstrap-gradle-resolver\2.2.3.Final\quarkus-bootstrap-gradle-resolver-2.2.3.Final.jar;C:\Users\kbeey\.m2\repository\io\smallrye\common\smallrye-common-io\1.6.0\smallrye-common-io-1.6.0.jar;C:\Users\kbeey\.m2\repository\org\eclipse\sisu\org.eclipse.sisu.inject\0.3.4\org.eclipse.sisu.inject-0.3.4.jar;C:\Users\kbeey\.m2\repository\io\quarkus\quarkus-test-common\2.2.3.Final\quarkus-test-common-2.2.3.Final.jar;C:\Users\kbeey\.m2\repository\io\quarkus\quarkus-core-deployment\2.2.3.Final\quarkus-core-deployment-2.2.3.Final.jar;C:\Users\kbeey\.m2\repository\org\aesh\readline\2.1\readline-2.1.jar;C:\Users\kbeey\.m2\repository\org\fusesource\jansi\jansi\1.18\jansi-1.18.jar;C:\Users\kbeey\.m2\repository\io\quarkus\gizmo\gizmo\1.0.9.Final\gizmo-1.0.9.Final.jar;C:\Users\kbeey\.m2\repository\org\ow2\asm\asm-util\9.1\asm-util-9.1.jar;C:\Users\kbeey\.m2\repository\org\ow2\asm\asm-tree\9.1\asm-tree-9.1.jar;C:\Users\kbeey\.m2\repository\org\ow2\asm\asm-analysis\9.1\asm-analysis-9.1.jar;C:\Users\kbeey\.m2\repository\org\ow2\asm\asm\9.1\asm-9.1.jar;C:\Users\kbeey\.m2\repository\io\quarkus\quarkus-class-change-agent\2.2.3.Final\quarkus-class-change-agent-2.2.3.Final.jar;C:\Users\kbeey\.m2\repository\io\quarkus\quarkus-devtools-utilities\2.2.3.Final\quarkus-devtools-utilities-2.2.3.Final.jar;C:\Users\kbeey\.m2\repository\io\quarkus\quarkus-builder\2.2.3.Final\quarkus-builder-2.2.3.Final.jar;C:\Users\kbeey\.m2\repository\org\junit\platform\junit-platform-launcher\1.7.2\junit-platform-launcher-1.7.2.jar;C:\Users\kbeey\.m2\repository\io\quarkus\quarkus-jsonp-deployment\2.2.3.Final\quarkus-jsonp-deployment-2.2.3.Final.jar;C:\Users\kbeey\.m2\repository\org\jboss\logging\commons-logging-jboss-logging\1.0.0.Final\commons-logging-jboss-logging-1.0.0.Final.jar;C:\Users\kbeey\.m2\repository\org\junit\jupiter\junit-jupiter\5.7.2\junit-jupiter-5.7.2.jar;C:\Users\kbeey\.m2\repository\org\junit\jupiter\junit-jupiter-api\5.7.2\junit-jupiter-api-5.7.2.jar;C:\Users\kbeey\.m2\repository\org\apiguardian\apiguardian-api\1.1.0\apiguardian-api-1.1.0.jar;C:\Users\kbeey\.m2\repository\org\opentest4j\opentest4j\1.2.0\opentest4j-1.2.0.jar;C:\Users\kbeey\.m2\repository\org\junit\platform\junit-platform-commons\1.7.2\junit-platform-commons-1.7.2.jar;C:\Users\kbeey\.m2\repository\org\junit\jupiter\junit-jupiter-params\5.7.2\junit-jupiter-params-5.7.2.jar;C:\Users\kbeey\.m2\repository\org\junit\jupiter\junit-jupiter-engine\5.7.2\junit-jupiter-engine-5.7.2.jar;C:\Users\kbeey\.m2\repository\org\junit\platform\junit-platform-engine\1.7.2\junit-platform-engine-1.7.2.jar;C:\Users\kbeey\.m2\repository\com\thoughtworks\xstream\xstream\1.4.17\xstream-1.4.17.jar;C:\Users\kbeey\.m2\repository\io\github\x-stream\mxparser\1.2.1\mxparser-1.2.1.jar;C:\Users\kbeey\.m2\repository\xmlpull\xmlpull\1.1.3.1\xmlpull-1.1.3.1.jar;C:\Users\kbeey\.m2\repository\io\rest-assured\rest-assured\4.4.0\rest-assured-4.4.0.jar;C:\Users\kbeey\.m2\repository\org\codehaus\groovy\groovy\3.0.8\groovy-3.0.8.jar;C:\Users\kbeey\.m2\repository\org\codehaus\groovy\groovy-xml\3.0.8\groovy-xml-3.0.8.jar;C:\Users\kbeey\.m2\repository\org\apache\httpcomponents\httpclient\4.5.13\httpclient-4.5.13.jar;C:\Users\kbeey\.m2\repository\org\apache\httpcomponents\httpcore\4.4.14\httpcore-4.4.14.jar;C:\Users\kbeey\.m2\repository\commons-codec\commons-codec\1.15\commons-codec-1.15.jar;C:\Users\kbeey\.m2\repository\org\apache\httpcomponents\httpmime\4.5.13\httpmime-4.5.13.jar;C:\Users\kbeey\.m2\repository\org\hamcrest\hamcrest\2.1\hamcrest-2.1.jar;C:\Users\kbeey\.m2\repository\org\ccil\cowan\tagsoup\tagsoup\1.2.1\tagsoup-1.2.1.jar;C:\Users\kbeey\.m2\repository\io\rest-assured\json-path\4.4.0\json-path-4.4.0.jar;C:\Users\kbeey\.m2\repository\org\codehaus\groovy\groovy-json\3.0.8\groovy-json-3.0.8.jar;C:\Users\kbeey\.m2\repository\io\rest-assured\rest-assured-common\4.4.0\rest-assured-common-4.4.0.jar;C:\Users\kbeey\.m2\repository\io\rest-assured\xml-path\4.4.0\xml-path-4.4.0.jar;C:\Users\kbeey\.m2\repository\org\apache\commons\commons-lang3\3.12.0\commons-lang3-3.12.0.jar;C:\Users\kbeey\.m2\repository\jakarta\xml\bind\jakarta.xml.bind-api\2.3.3\jakarta.xml.bind-api-2.3.3.jar;C:\Users\kbeey\.m2\repository\com\sun\xml\bind\jaxb-impl\2.3.3\jaxb-impl-2.3.3.jar;"/>
    <property name="sun.cpu.endian" value="little"/>
    <property name="user.home" value="C:\Users\kbeey"/>
    <property name="user.language" value="ko"/>
    <property name="java.specification.vendor" value="Oracle Corporation"/>
    <property name="io.netty.allocator.maxOrder" value="3"/>
    <property name="java.version.date" value="2021-07-20"/>
    <property name="java.home" value="C:\Program Files\Java\jdk-11.0.12"/>
    <property name="org.testcontainers.shaded.io.netty.packagePrefix" value="org.testcontainers.shaded."/>
    <property name="file.separator" value="\"/>
    <property name="basedir" value="C:\Users\kbeey\Documents\workspace-git\quarkus-learning\producer"/>
    <property name="java.vm.compressedOopsMode" value="Zero based"/>
    <property name="line.separator" value="&#10;"/>
    <property name="java.specification.name" value="Java Platform API Specification"/>
    <property name="java.vm.specification.vendor" value="Oracle Corporation"/>
    <property name="java.awt.graphicsenv" value="sun.awt.Win32GraphicsEnvironment"/>
    <property name="surefire.real.class.path" value="C:\Users\kbeey\AppData\Local\Temp\surefire9649646399889339779\surefirebooter11832637519391502689.jar"/>
    <property name="idea.version2020.1.4" value="true"/>
    <property name="user.script" value=""/>
    <property name="sun.management.compiler" value="HotSpot 64-Bit Tiered Compilers"/>
    <property name="java.runtime.version" value="11.0.12+8-LTS-237"/>
    <property name="user.name" value="kbeey"/>
    <property name="path.separator" value=";"/>
    <property name="os.version" value="10.0"/>
    <property name="java.runtime.name" value="Java(TM) SE Runtime Environment"/>
    <property name="file.encoding" value="MS949"/>
    <property name="sun.nio.ch.bugLevel" value=""/>
    <property name="java.vm.name" value="Java HotSpot(TM) 64-Bit Server VM"/>
    <property name="java.vendor.version" value="18.9"/>
    <property name="localRepository" value="C:\Users\kbeey\.m2\repository"/>
    <property name="java.vendor.url.bug" value="https://bugreport.java.com/bugreport/"/>
    <property name="java.io.tmpdir" value="C:\Users\kbeey\AppData\Local\Temp\"/>
    <property name="quarkus.log.file.path" value="target\quarkus.log"/>
    <property name="java.version" value="11.0.12"/>
    <property name="user.dir" value="C:\Users\kbeey\Documents\workspace-git\quarkus-learning\producer"/>
    <property name="os.arch" value="amd64"/>
    <property name="java.vm.specification.name" value="Java Virtual Machine Specification"/>
    <property name="vertx.disableDnsResolver" value="true"/>
    <property name="java.awt.printerjob" value="sun.awt.windows.WPrinterJob"/>
    <property name="sun.os.patch.level" value=""/>
    <property name="java.util.logging.manager" value="org.jboss.logmanager.LogManager"/>
    <property name="java.library.path" value="C:\Program Files\Java\jdk-11.0.12\bin;C:\WINDOWS\Sun\Java\bin;C:\WINDOWS\system32;C:\WINDOWS;C:\Program Files\Common Files\Oracle\Java\javapath;C:\ProgramData\Miniconda3;C:\ProgramData\Miniconda3\Library\mingw-w64\bin;C:\ProgramData\Miniconda3\Library\usr\bin;C:\ProgramData\Miniconda3\Library\bin;C:\ProgramData\Miniconda3\Scripts;C:\Program Files (x86)\VMware\VMware Player\bin\;C:\Program Files (x86)\Common Files\Intel\Shared Libraries\redist\intel64\compiler;C:\Program Files (x86)\Common Files\Oracle\Java\javapath;C:\windows\system32;C:\windows;C:\windows\System32\Wbem;C:\windows\System32\WindowsPowerShell\v1.0\;C:\windows\System32\OpenSSH\;C:\Program Files (x86)\NVIDIA Corporation\PhysX\Common;C:\Program Files\NVIDIA Corporation\NVIDIA NvDLISR;C:\Program Files\Java\jdk-11.0.12\bin;C:\Program Files\Git\cmd;C:\Program Files\nodejs\;C:\WINDOWS\system32;C:\WINDOWS;C:\WINDOWS\System32\Wbem;C:\WINDOWS\System32\WindowsPowerShell\v1.0\;C:\WINDOWS\System32\OpenSSH\;C:\Program Files\MongoDB\Server\4.4\bin;C:\Program Files\Python\Python38;C:\Program Files\Python\Python38\Scripts;C:\Program Files\PuTTY\;C:\Program Files\MySQL\MySQL Server 8.0\bin\;;C:\Program Files\Docker\Docker\resources\bin;C:\ProgramData\DockerDesktop\version-bin;C:\Program Files\Python\Python38\Scripts\;C:\Program Files\Python\Python38\;C:\Program Files\MySQL\MySQL Shell 8.0\bin\;C:\Users\kbeey\AppData\Local\Microsoft\WindowsApps;C:\Users\kbeey\AppData\Local\Programs\Microsoft VS Code\bin;C:\Program Files\Bandizip\;C:\Program Files\JetBrains\IntelliJ IDEA 2020.1.3\bin;;;C:\Program Files\JetBrains\PyCharm 2020.2.2\bin;;."/>
    <property name="java.vendor" value="Oracle Corporation"/>
    <property name="java.vm.info" value="mixed mode"/>
    <property name="vertx.disableTCCL" value="true"/>
    <property name="java.vm.version" value="11.0.12+8-LTS-237"/>
    <property name="sun.io.unicode.encoding" value="UnicodeLittle"/>
    <property name="io.netty.machineId" value="a9:bf:14:78:9e:72:ae:8d"/>
    <property name="java.class.version" value="55.0"/>
  </properties>
  <testcase name="testHelloEndpoint" classname="org.acme.ReactiveGreetingResourceTest" time="1.982">
    <system-out><![CDATA[2021-09-24 01:03:23,972 INFO  [org.tes.doc.DockerClientProviderStrategy] (build-19) Loaded org.testcontainers.dockerclient.NpipeSocketClientProviderStrategy from ~/.testcontainers.properties, will try it first
2021-09-24 01:03:24,602 INFO  [org.tes.doc.DockerClientProviderStrategy] (build-19) Found Docker environment with local Npipe socket (npipe:////./pipe/docker_engine)
2021-09-24 01:03:24,604 INFO  [org.tes.DockerClientFactory] (build-19) Docker host IP address is localhost
2021-09-24 01:03:24,640 INFO  [org.tes.DockerClientFactory] (build-19) Connected to docker: 
  Server Version: 20.10.8
  API Version: 1.41
  Operating System: Docker Desktop
  Total Memory: 25513 MB
2021-09-24 01:03:24,642 INFO  [org.tes.uti.ImageNameSubstitutor] (build-19) Image name substitution will be performed by: DefaultImageNameSubstitutor (composite of 'ConfigurationFileImageNameSubstitutor' and 'PrefixingImageNameSubstitutor')
2021-09-24 01:03:25,073 INFO  [org.tes.uti.RegistryAuthLocator] (build-19) Credential helper/store (docker-credential-desktop) does not have credentials for index.docker.io
2021-09-24 01:03:27,730 INFO  [org.tes.DockerClientFactory] (build-19) Ryuk started - will monitor and terminate Testcontainers containers on JVM exit
2021-09-24 01:03:27,730 INFO  [org.tes.DockerClientFactory] (build-19) Checking the system...
2021-09-24 01:03:27,731 INFO  [org.tes.DockerClientFactory] (build-19) ?? Docker server version should be at least 1.6.0
2021-09-24 01:03:27,893 INFO  [org.tes.DockerClientFactory] (build-19) ?? Docker environment should have more than 2GB free disk space
2021-09-24 01:03:27,906 INFO  [doc.5.5]] (build-19) Creating container for image: vectorized/redpanda:v21.5.5
2021-09-24 01:03:28,042 INFO  [doc.5.5]] (build-19) Starting container with ID: 505ce6320e00c8524779922780a5e0bd70ab15b7b1c6f0d0cc22745a191ea9b3
2021-09-24 01:03:28,480 INFO  [doc.5.5]] (build-19) Container vectorized/redpanda:v21.5.5 is starting: 505ce6320e00c8524779922780a5e0bd70ab15b7b1c6f0d0cc22745a191ea9b3
2021-09-24 01:03:31,102 INFO  [doc.5.5]] (build-19) Container vectorized/redpanda:v21.5.5 started in PT3.2069076S
2021-09-24 01:03:31,103 INFO  [io.qua.kaf.cli.dep.DevServicesKafkaProcessor] (build-19) Dev Services for Kafka started. Other Quarkus applications in dev mode will find the broker automatically. For Quarkus applications in production mode, you can connect to this by starting your application with -Dkafka.bootstrap.servers=PLAINTEXT://localhost:49187
2021-09-24 01:03:32,512 WARN  [io.sma.rea.mes.kafka] (main) SRMSG18216: No `group.id` set in the configuration, generate a random id: eec39e01-0b0c-4d02-8ed7-c74c5f682786
2021-09-24 01:03:32,515 INFO  [io.sma.rea.mes.kafka] (main) SRMSG18229: Configured topics for channel 'quotes': [quotes]
2021-09-24 01:03:32,524 INFO  [io.sma.rea.mes.kafka] (main) SRMSG18214: Key deserializer omitted, using String as default
2021-09-24 01:03:32,525 INFO  [io.sma.rea.mes.kafka] (main) SRMSG18234: Auto-commit disabled for channel quotes
2021-09-24 01:03:32,683 INFO  [org.apa.kaf.cli.con.ConsumerConfig] (main) ConsumerConfig values: 
	allow.auto.create.topics = true
	auto.commit.interval.ms = 5000
	auto.offset.reset = latest
	bootstrap.servers = [PLAINTEXT://localhost:49187]
	check.crcs = true
	client.dns.lookup = use_all_dns_ips
	client.id = kafka-consumer-quotes
	client.rack = 
	connections.max.idle.ms = 540000
	default.api.timeout.ms = 60000
	enable.auto.commit = false
	exclude.internal.topics = true
	fetch.max.bytes = 52428800
	fetch.max.wait.ms = 500
	fetch.min.bytes = 1
	group.id = eec39e01-0b0c-4d02-8ed7-c74c5f682786
	group.instance.id = null
	heartbeat.interval.ms = 3000
	interceptor.classes = []
	internal.leave.group.on.close = true
	internal.throw.on.fetch.stable.offset.unsupported = false
	isolation.level = read_uncommitted
	key.deserializer = class io.smallrye.reactive.messaging.kafka.fault.DeserializerWrapper
	max.partition.fetch.bytes = 1048576
	max.poll.interval.ms = 300000
	max.poll.records = 500
	metadata.max.age.ms = 300000
	metric.reporters = []
	metrics.num.samples = 2
	metrics.recording.level = INFO
	metrics.sample.window.ms = 30000
	partition.assignment.strategy = [class org.apache.kafka.clients.consumer.RangeAssignor]
	receive.buffer.bytes = 65536
	reconnect.backoff.max.ms = 10000
	reconnect.backoff.ms = 50
	request.timeout.ms = 30000
	retry.backoff.ms = 100
	sasl.client.callback.handler.class = null
	sasl.jaas.config = null
	sasl.kerberos.kinit.cmd = /usr/bin/kinit
	sasl.kerberos.min.time.before.relogin = 60000
	sasl.kerberos.service.name = null
	sasl.kerberos.ticket.renew.jitter = 0.05
	sasl.kerberos.ticket.renew.window.factor = 0.8
	sasl.login.callback.handler.class = null
	sasl.login.class = null
	sasl.login.refresh.buffer.seconds = 300
	sasl.login.refresh.min.period.seconds = 60
	sasl.login.refresh.window.factor = 0.8
	sasl.login.refresh.window.jitter = 0.05
	sasl.mechanism = GSSAPI
	security.protocol = PLAINTEXT
	security.providers = null
	send.buffer.bytes = 131072
	session.timeout.ms = 10000
	socket.connection.setup.timeout.max.ms = 30000
	socket.connection.setup.timeout.ms = 10000
	ssl.cipher.suites = null
	ssl.enabled.protocols = [TLSv1.2, TLSv1.3]
	ssl.endpoint.identification.algorithm = https
	ssl.engine.factory.class = null
	ssl.key.password = null
	ssl.keymanager.algorithm = SunX509
	ssl.keystore.certificate.chain = null
	ssl.keystore.key = null
	ssl.keystore.location = null
	ssl.keystore.password = null
	ssl.keystore.type = JKS
	ssl.protocol = TLSv1.3
	ssl.provider = null
	ssl.secure.random.implementation = null
	ssl.trustmanager.algorithm = PKIX
	ssl.truststore.certificates = null
	ssl.truststore.location = null
	ssl.truststore.password = null
	ssl.truststore.type = JKS
	value.deserializer = class io.smallrye.reactive.messaging.kafka.fault.DeserializerWrapper

2021-09-24 01:03:32,838 INFO  [org.apa.kaf.com.uti.AppInfoParser] (main) Kafka version: 2.8.0
2021-09-24 01:03:32,838 INFO  [org.apa.kaf.com.uti.AppInfoParser] (main) Kafka commitId: ebb1d6e21cc92130
2021-09-24 01:03:32,839 INFO  [org.apa.kaf.com.uti.AppInfoParser] (main) Kafka startTimeMs: 1632413012837
2021-09-24 01:03:32,844 INFO  [io.sma.rea.mes.kafka] (main) SRMSG18240: 'throttled' commit strategy used for channel 'quotes'
2021-09-24 01:03:32,847 INFO  [io.sma.rea.mes.kafka] (main) SRMSG18232: Will commit for group 'eec39e01-0b0c-4d02-8ed7-c74c5f682786' every 5000 milliseconds.
2021-09-24 01:03:32,847 INFO  [io.sma.rea.mes.kafka] (main) SRMSG18236: Will mark throttled commit strategy for group 'eec39e01-0b0c-4d02-8ed7-c74c5f682786' as unhealthy if records go more than 60000 milliseconds without being processed.
2021-09-24 01:03:32,879 INFO  [io.sma.rea.mes.kafka] (main) SRMSG18248: Key serializer omitted, using String as default
2021-09-24 01:03:32,880 INFO  [io.sma.rea.mes.kafka] (main) SRMSG18237: Setting client.id for Kafka producer to kafka-producer-quote-requests
2021-09-24 01:03:32,888 INFO  [org.apa.kaf.cli.pro.ProducerConfig] (main) ProducerConfig values: 
	acks = 1
	batch.size = 16384
	bootstrap.servers = [PLAINTEXT://localhost:49187]
	buffer.memory = 33554432
	client.dns.lookup = use_all_dns_ips
	client.id = kafka-producer-quote-requests
	compression.type = none
	connections.max.idle.ms = 540000
	delivery.timeout.ms = 120000
	enable.idempotence = false
	interceptor.classes = []
	internal.auto.downgrade.txn.commit = false
	key.serializer = class org.apache.kafka.common.serialization.StringSerializer
	linger.ms = 0
	max.block.ms = 60000
	max.in.flight.requests.per.connection = 5
	max.request.size = 1048576
	metadata.max.age.ms = 300000
	metadata.max.idle.ms = 300000
	metric.reporters = []
	metrics.num.samples = 2
	metrics.recording.level = INFO
	metrics.sample.window.ms = 30000
	partitioner.class = class org.apache.kafka.clients.producer.internals.DefaultPartitioner
	receive.buffer.bytes = 32768
	reconnect.backoff.max.ms = 10000
	reconnect.backoff.ms = 50
	request.timeout.ms = 30000
	retries = 2147483647
	retry.backoff.ms = 100
	sasl.client.callback.handler.class = null
	sasl.jaas.config = null
	sasl.kerberos.kinit.cmd = /usr/bin/kinit
	sasl.kerberos.min.time.before.relogin = 60000
	sasl.kerberos.service.name = null
	sasl.kerberos.ticket.renew.jitter = 0.05
	sasl.kerberos.ticket.renew.window.factor = 0.8
	sasl.login.callback.handler.class = null
	sasl.login.class = null
	sasl.login.refresh.buffer.seconds = 300
	sasl.login.refresh.min.period.seconds = 60
	sasl.login.refresh.window.factor = 0.8
	sasl.login.refresh.window.jitter = 0.05
	sasl.mechanism = GSSAPI
	security.protocol = PLAINTEXT
	security.providers = null
	send.buffer.bytes = 131072
	socket.connection.setup.timeout.max.ms = 30000
	socket.connection.setup.timeout.ms = 10000
	ssl.cipher.suites = null
	ssl.enabled.protocols = [TLSv1.2, TLSv1.3]
	ssl.endpoint.identification.algorithm = https
	ssl.engine.factory.class = null
	ssl.key.password = null
	ssl.keymanager.algorithm = SunX509
	ssl.keystore.certificate.chain = null
	ssl.keystore.key = null
	ssl.keystore.location = null
	ssl.keystore.password = null
	ssl.keystore.type = JKS
	ssl.protocol = TLSv1.3
	ssl.provider = null
	ssl.secure.random.implementation = null
	ssl.trustmanager.algorithm = PKIX
	ssl.truststore.certificates = null
	ssl.truststore.location = null
	ssl.truststore.password = null
	ssl.truststore.type = JKS
	transaction.timeout.ms = 60000
	transactional.id = null
	value.serializer = class org.apache.kafka.common.serialization.StringSerializer

2021-09-24 01:03:32,913 WARN  [org.apa.kaf.cli.pro.ProducerConfig] (main) The configuration 'merge' was supplied but isn't a known config.
2021-09-24 01:03:32,914 INFO  [org.apa.kaf.com.uti.AppInfoParser] (main) Kafka version: 2.8.0
2021-09-24 01:03:32,914 INFO  [org.apa.kaf.com.uti.AppInfoParser] (main) Kafka commitId: ebb1d6e21cc92130
2021-09-24 01:03:32,914 INFO  [org.apa.kaf.com.uti.AppInfoParser] (main) Kafka startTimeMs: 1632413012914
2021-09-24 01:03:33,731 INFO  [io.quarkus] (main) Quarkus 2.2.3.Final on JVM started in 11.601s. Listening on: http://localhost:8081
2021-09-24 01:03:33,731 INFO  [io.quarkus] (main) Profile test activated. 
2021-09-24 01:03:33,731 INFO  [io.quarkus] (main) Installed features: [cdi, kafka-client, resteasy-reactive, resteasy-reactive-jackson, smallrye-context-propagation, smallrye-reactive-messaging, smallrye-reactive-messaging-kafka, vertx]
]]></system-out>
  </testcase>
</testsuite>